Time spent loading Coulomb elements from /home/schoyen/Documents/UiO/master-thesis/results/two-dim-quantum-dots/one-body-densities/tdho_coulomb_num_orbitals=66.npy: 0.34305286407470703 sec
HartreeFock energy: (1.2231915043956545+0j) @ iteration: 0	residual: [100]
HartreeFock energy: (1.1421327126909115+0j) @ iteration: 1	residual: [0.4439715948270233]
HartreeFock energy: (1.141842571174902+0j) @ iteration: 2	residual: [0.01610259254379084]
HartreeFock energy: (1.1418310943842642+0j) @ iteration: 3	residual: [0.0009053256906684668]
HartreeFock energy: (1.1418163247957467+0j) @ iteration: 4	residual: [0.001231462965370578]
HartreeFock energy: (1.1418018431159653+0j) @ iteration: 5	residual: [0.001294686705517301]
HartreeFock energy: (1.1417965910512682+0j) @ iteration: 6	residual: [0.0004947932930062231]
HartreeFock energy: (1.1417669753784399+0j) @ iteration: 7	residual: [0.0031389497491537775]
HartreeFock energy: (1.1417668367464533+0j) @ iteration: 8	residual: [1.6406795921232173e-05]
HartreeFock energy: (1.1417620502038541+0j) @ iteration: 9	residual: [0.0005801466056475659]
HartreeFock energy: (1.1417530119477985+0j) @ iteration: 10	residual: [0.001176926568233758]
HartreeFock energy: (1.1417504355833301+0j) @ iteration: 11	residual: [0.00035841582412602096]
HartreeFock energy: (1.1417435144345291+0j) @ iteration: 12	residual: [0.001028224437814853]
HartreeFock energy: (1.1417427194749408+0j) @ iteration: 13	residual: [0.00012480736248307497]
HartreeFock energy: (1.1417399210016708+0j) @ iteration: 14	residual: [0.0004526944656449864]
HartreeFock energy: (1.14173814399114+0j) @ iteration: 15	residual: [0.0002994017633281164]
HartreeFock energy: (1.1417363549989528+0j) @ iteration: 16	residual: [0.0003117777867567316]
HartreeFock energy: (1.1417318536793069+0j) @ iteration: 17	residual: [0.0008389466561133257]
HartreeFock energy: (1.1417296495621811+0j) @ iteration: 18	residual: [0.00044521119194106703]
HartreeFock energy: (1.1417272291166674+0j) @ iteration: 19	residual: [0.000522045568459394]
HartreeFock energy: (1.1417264068104807+0j) @ iteration: 20	residual: [0.00018668928050545217]
HartreeFock energy: (1.1417271805162232+0j) @ iteration: 21	residual: [0.00017587505622819474]
HartreeFock energy: (1.1417257807167405+0j) @ iteration: 22	residual: [0.00032142650174084585]
HartreeFock energy: (1.1417252115258134+0j) @ iteration: 23	residual: [0.00013532366180355647]
HartreeFock energy: (1.1417236619726043+0j) @ iteration: 24	residual: [0.00038371338350432865]
HartreeFock energy: (1.1417233688508979+0j) @ iteration: 25	residual: [7.533349426543262e-05]
HartreeFock energy: (1.1417231964193912+0j) @ iteration: 26	residual: [4.473629765119315e-05]
HartreeFock energy: (1.1417213392188876+0j) @ iteration: 27	residual: [0.0005060853229827937]
HartreeFock energy: (1.141721502576871+0j) @ iteration: 28	residual: [4.640952256200148e-05]
HartreeFock energy: (1.1417211054100762+0j) @ iteration: 29	residual: [0.00011350974112635729]
HartreeFock energy: (1.1417201542399025+0j) @ iteration: 30	residual: [0.0002822784144992568]
HartreeFock energy: (1.1417200310658338+0j) @ iteration: 31	residual: [3.772332654357893e-05]
HartreeFock energy: (1.1417192172330317+0j) @ iteration: 32	residual: [0.0002568335745591394]
HartreeFock energy: (1.1417190396073487+0j) @ iteration: 33	residual: [5.7932348855865806e-05]
HartreeFock energy: (1.141719132096319+0j) @ iteration: 34	residual: [3.025005411295765e-05]
HartreeFock energy: (1.1417188170568764+0j) @ iteration: 35	residual: [0.00010388388046545186]
HartreeFock energy: (1.141718670112871+0j) @ iteration: 36	residual: [4.925662205022141e-05]
HartreeFock energy: (1.141718006104786+0j) @ iteration: 37	residual: [0.00022965948205253567]
HartreeFock energy: (1.1417178346455574+0j) @ iteration: 38	residual: [6.130902242923861e-05]
HartreeFock energy: (1.1417180057200085+0j) @ iteration: 39	residual: [6.115417963331607e-05]
HartreeFock energy: (1.1417180074601885+0j) @ iteration: 40	residual: [6.161074070320518e-07]
HartreeFock energy: (1.1417177263514757+0j) @ iteration: 41	residual: [0.00010096229035503444]
HartreeFock energy: (1.141717145917045+0j) @ iteration: 42	residual: [0.00021663848953105847]
HartreeFock energy: (1.1417170687229636+0j) @ iteration: 43	residual: [2.9695640546985217e-05]
HartreeFock energy: (1.1417167987371615+0j) @ iteration: 44	residual: [0.00010569100170517379]
HartreeFock energy: (1.1417166933209704+0j) @ iteration: 45	residual: [4.206354264373866e-05]
HartreeFock energy: (1.1417165009022854+0j) @ iteration: 46	residual: [7.801384459821576e-05]
HartreeFock energy: (1.1417163921334788+0j) @ iteration: 47	residual: [4.483879007138225e-05]
HartreeFock energy: (1.1417162108331054+0j) @ iteration: 48	residual: [7.595983197558587e-05]
HartreeFock energy: (1.1417160397331059+0j) @ iteration: 49	residual: [7.31986389434349e-05]
HartreeFock energy: (1.1417159465708129+0j) @ iteration: 50	residual: [4.0488719658969464e-05]
HartreeFock energy: (1.1417157846565438+0j) @ iteration: 51	residual: [7.154641544847813e-05]
HartreeFock energy: (1.1417156464694358+0j) @ iteration: 52	residual: [6.226034016844767e-05]
HartreeFock energy: (1.1417156810944253+0j) @ iteration: 53	residual: [1.5701621283015354e-05]
HartreeFock energy: (1.1417155655936733+0j) @ iteration: 54	residual: [5.269042848221907e-05]
HartreeFock energy: (1.1417153466544034+0j) @ iteration: 55	residual: [0.00010225965457320369]
HartreeFock energy: (1.1417153212458784+0j) @ iteration: 56	residual: [1.2075156113118682e-05]
HartreeFock energy: (1.1417151289242162+0j) @ iteration: 57	residual: [9.29601807932917e-05]
HartreeFock energy: (1.1417151278567357+0j) @ iteration: 58	residual: [5.233192443614046e-07]
HartreeFock energy: (1.1417151057437658+0j) @ iteration: 59	residual: [1.0871158953813753e-05]
HartreeFock energy: (1.1417150258222342+0j) @ iteration: 60	residual: [3.961167948942673e-05]
HartreeFock energy: (1.1417149756846436+0j) @ iteration: 61	residual: [2.51090414749823e-05]
HartreeFock energy: (1.1417147820827385+0j) @ iteration: 62	residual: [9.900289318430967e-05]
HartreeFock energy: (1.1417146679216272+0j) @ iteration: 63	residual: [5.997904385216294e-05]
HartreeFock energy: (1.141714625638509+0j) @ iteration: 64	residual: [2.253676037563341e-05]
HartreeFock energy: (1.141714642869121+0j) @ iteration: 65	residual: [9.2044959660229e-06]
HartreeFock energy: (1.1417145956792005+0j) @ iteration: 66	residual: [2.528261997818941e-05]
HartreeFock energy: (1.1417144308035863+0j) @ iteration: 67	residual: [9.018296328004283e-05]
HartreeFock energy: (1.1417144185734442+0j) @ iteration: 68	residual: [6.809506246353353e-06]
HartreeFock energy: (1.141714385461055+0j) @ iteration: 69	residual: [1.8518135513526955e-05]
HartreeFock energy: (1.1417144155957804+0j) @ iteration: 70	residual: [1.6856823972899076e-05]
HartreeFock energy: (1.1417143708018622+0j) @ iteration: 71	residual: [2.5096052338071202e-05]
HartreeFock energy: (1.1417142146373327+0j) @ iteration: 72	residual: [8.93973104182871e-05]
HartreeFock energy: (1.1417141883383533+0j) @ iteration: 73	residual: [1.5356410775507498e-05]
HartreeFock energy: (1.1417142041887918+0j) @ iteration: 74	residual: [9.266168477958234e-06]
HartreeFock energy: (1.1417142085652283+0j) @ iteration: 75	residual: [2.5523950042549353e-06]
HartreeFock energy: (1.1417141832395796+0j) @ iteration: 76	residual: [1.480678960883272e-05]
HartreeFock energy: (1.1417140510618191+0j) @ iteration: 77	residual: [7.871111474536413e-05]
HartreeFock energy: (1.1417140740000358+0j) @ iteration: 78	residual: [1.3833015498526995e-05]
HartreeFock energy: (1.1417140076258079+0j) @ iteration: 79	residual: [4.02430799084296e-05]
HartreeFock energy: (1.1417139594414059+0j) @ iteration: 80	residual: [2.9629678897101063e-05]
HartreeFock energy: (1.1417139303843604+0j) @ iteration: 81	residual: [1.8042668318294577e-05]
HartreeFock energy: (1.1417139037957784+0j) @ iteration: 82	residual: [1.663328162824697e-05]
HartreeFock energy: (1.1417138807235867+0j) @ iteration: 83	residual: [1.452161762513552e-05]
HartreeFock energy: (1.1417138051289253+0j) @ iteration: 84	residual: [4.821431284445915e-05]
HartreeFock energy: (1.1417137627586489+0j) @ iteration: 85	residual: [2.7459094554831832e-05]
HartreeFock energy: (1.1417137287095072+0j) @ iteration: 86	residual: [2.230771419033267e-05]
HartreeFock energy: (1.1417137074632069+0j) @ iteration: 87	residual: [1.4026412393305474e-05]
HartreeFock energy: (1.1417136258252096+0j) @ iteration: 88	residual: [5.4730473700145454e-05]
HartreeFock energy: (1.1417136095999416+0j) @ iteration: 89	residual: [1.1035450492261959e-05]
HartreeFock energy: (1.1417136004686332+0j) @ iteration: 90	residual: [6.236807924280561e-06]
HartreeFock energy: (1.1417136046205132+0j) @ iteration: 91	residual: [2.8358091549504027e-06]
HartreeFock energy: (1.141713527728959+0j) @ iteration: 92	residual: [5.315845908621356e-05]
HartreeFock energy: (1.1417135244020566+0j) @ iteration: 93	residual: [2.3298164659451245e-06]
HartreeFock energy: (1.141713471553706+0j) @ iteration: 94	residual: [3.7346745993344915e-05]
HartreeFock energy: (1.1417135027886223+0j) @ iteration: 95	residual: [2.2150401495837993e-05]
HartreeFock energy: (1.141713469867853+0j) @ iteration: 96	residual: [2.3357292405644382e-05]
HartreeFock energy: (1.1417134323788711+0j) @ iteration: 97	residual: [2.6913881387846847e-05]
HartreeFock energy: (1.1417134117246328+0j) @ iteration: 98	residual: [1.4975866166928776e-05]
HartreeFock energy: (1.1417133569552638+0j) @ iteration: 99	residual: [4.0249639486862105e-05]
Final HartreeFock energy: (1.1417133518640616+0j) @ iteration: 99	residual: [2.033776648521011e-06]
HartreeFock energy: (1.2231915043956545+0j) @ iteration: 0	residual: [100]
HartreeFock energy: (1.1421327126909115+0j) @ iteration: 1	residual: [0.4439715948270233]
HartreeFock energy: (1.141842571174902+0j) @ iteration: 2	residual: [0.01610259254379084]
HartreeFock energy: (1.1418310943842642+0j) @ iteration: 3	residual: [0.0009053256906684668]
HartreeFock energy: (1.1418163247957467+0j) @ iteration: 4	residual: [0.001231462965370578]
HartreeFock energy: (1.1418018431159653+0j) @ iteration: 5	residual: [0.001294686705517301]
HartreeFock energy: (1.1417965910512682+0j) @ iteration: 6	residual: [0.0004947932930062231]
HartreeFock energy: (1.1417669753784399+0j) @ iteration: 7	residual: [0.0031389497491537775]
HartreeFock energy: (1.1417668367464533+0j) @ iteration: 8	residual: [1.6406795921232173e-05]
HartreeFock energy: (1.1417620502038541+0j) @ iteration: 9	residual: [0.0005801466056475659]
HartreeFock energy: (1.1417530119477985+0j) @ iteration: 10	residual: [0.001176926568233758]
HartreeFock energy: (1.1417504355833301+0j) @ iteration: 11	residual: [0.00035841582412602096]
HartreeFock energy: (1.1417435144345291+0j) @ iteration: 12	residual: [0.001028224437814853]
HartreeFock energy: (1.1417427194749408+0j) @ iteration: 13	residual: [0.00012480736248307497]
HartreeFock energy: (1.1417399210016708+0j) @ iteration: 14	residual: [0.0004526944656449864]
HartreeFock energy: (1.14173814399114+0j) @ iteration: 15	residual: [0.0002994017633281164]
HartreeFock energy: (1.1417363549989528+0j) @ iteration: 16	residual: [0.0003117777867567316]
HartreeFock energy: (1.1417318536793069+0j) @ iteration: 17	residual: [0.0008389466561133257]
HartreeFock energy: (1.1417296495621811+0j) @ iteration: 18	residual: [0.00044521119194106703]
HartreeFock energy: (1.1417272291166674+0j) @ iteration: 19	residual: [0.000522045568459394]
HartreeFock energy: (1.1417264068104807+0j) @ iteration: 20	residual: [0.00018668928050545217]
HartreeFock energy: (1.1417271805162232+0j) @ iteration: 21	residual: [0.00017587505622819474]
HartreeFock energy: (1.1417257807167405+0j) @ iteration: 22	residual: [0.00032142650174084585]
HartreeFock energy: (1.1417252115258134+0j) @ iteration: 23	residual: [0.00013532366180355647]
HartreeFock energy: (1.1417236619726043+0j) @ iteration: 24	residual: [0.00038371338350432865]
HartreeFock energy: (1.1417233688508979+0j) @ iteration: 25	residual: [7.533349426543262e-05]
HartreeFock energy: (1.1417231964193912+0j) @ iteration: 26	residual: [4.473629765119315e-05]
HartreeFock energy: (1.1417213392188876+0j) @ iteration: 27	residual: [0.0005060853229827937]
HartreeFock energy: (1.141721502576871+0j) @ iteration: 28	residual: [4.640952256200148e-05]
HartreeFock energy: (1.1417211054100762+0j) @ iteration: 29	residual: [0.00011350974112635729]
HartreeFock energy: (1.1417201542399025+0j) @ iteration: 30	residual: [0.0002822784144992568]
HartreeFock energy: (1.1417200310658338+0j) @ iteration: 31	residual: [3.772332654357893e-05]
HartreeFock energy: (1.1417192172330317+0j) @ iteration: 32	residual: [0.0002568335745591394]
HartreeFock energy: (1.1417190396073487+0j) @ iteration: 33	residual: [5.7932348855865806e-05]
HartreeFock energy: (1.141719132096319+0j) @ iteration: 34	residual: [3.025005411295765e-05]
HartreeFock energy: (1.1417188170568764+0j) @ iteration: 35	residual: [0.00010388388046545186]
HartreeFock energy: (1.141718670112871+0j) @ iteration: 36	residual: [4.925662205022141e-05]
HartreeFock energy: (1.141718006104786+0j) @ iteration: 37	residual: [0.00022965948205253567]
HartreeFock energy: (1.1417178346455574+0j) @ iteration: 38	residual: [6.130902242923861e-05]
HartreeFock energy: (1.1417180057200085+0j) @ iteration: 39	residual: [6.115417963331607e-05]
HartreeFock energy: (1.1417180074601885+0j) @ iteration: 40	residual: [6.161074070320518e-07]
Final HartreeFock energy: (1.1417177263514757+0j) @ iteration: 40	residual: [6.161074070320518e-07]
Changing to HartreeFock basis
Iteration: 0	Residuals (t): [0.027624035640117894, 0.40535711711346234]
Iteration: 1	Residuals (t): [0.014600166496499856, 0.15263093762887414]
Iteration: 2	Residuals (t): [0.0034775700110455227, 0.06278591608408562]
Iteration: 3	Residuals (t): [0.002557412961716358, 0.019997401263423805]
Iteration: 4	Residuals (t): [0.00022269255307346832, 0.004745896815108297]
Iteration: 5	Residuals (t): [0.00020945418257314264, 0.0012931984389645014]
Iteration: 6	Residuals (t): [4.094154635200993e-05, 0.00028578215507671996]
Iteration: 7	Residuals (t): [5.539082771574624e-06, 5.877747020478759e-05]
Iteration: 8	Residuals (t): [3.0373701051617488e-06, 1.558768327739923e-05]
Iteration: 9	Residuals (t): [5.814727909762803e-07, 3.0559805167938987e-06]
Iteration: 10	Residuals (t): [7.134361960674959e-08, 6.8998170280562e-07]
Iteration: 11	Residuals (t): [2.581832011670271e-08, 2.364584194750956e-07]
Iteration: 12	Residuals (t): [4.643003074607085e-09, 2.2529099981935556e-07]
Iteration: 13	Residuals (t): [7.622626328348287e-09, 2.274304100657073e-07]
Iteration: 14	Residuals (t): [7.509172866997438e-09, 2.32230389307657e-07]
Iteration: 15	Residuals (t): [7.995380317705864e-09, 2.3036831934449434e-07]
Iteration: 16	Residuals (t): [3.2620874323593803e-09, 9.388045957019164e-08]
Iteration: 17	Residuals (t): [1.4217492397246364e-09, 4.1185785740322085e-08]
Iteration: 18	Residuals (t): [4.877675639730308e-10, 4.469921084635788e-08]
Iteration: 19	Residuals (t): [8.978466337819971e-10, 4.184147823878611e-08]
Iteration: 20	Residuals (t): [7.975223290644653e-10, 3.3971406419530413e-08]
Iteration: 21	Residuals (t): [3.8680587415651277e-10, 3.4475369394638716e-08]
Iteration: 22	Residuals (t): [7.010027745925726e-10, 1.9653665480498555e-08]
Iteration: 23	Residuals (t): [5.405774101094993e-10, 2.1489310328592278e-08]
Iteration: 24	Residuals (t): [3.1146339241320486e-10, 2.225466333010468e-08]
Iteration: 25	Residuals (t): [2.9315641094365233e-10, 1.0335931436841407e-08]
Iteration: 26	Residuals (t): [3.026896586049505e-10, 1.108995958554716e-08]
Iteration: 27	Residuals (t): [2.6638385783150507e-10, 1.1435858602469588e-08]
Iteration: 28	Residuals (t): [2.9483241579424167e-10, 7.854607617468647e-09]
Iteration: 0	Residuals (l): [0.028711588504718322, 0.45999858865468685]
Iteration: 1	Residuals (l): [0.013477706144240795, 0.17589923657448012]
Iteration: 2	Residuals (l): [0.00293766129946953, 0.054607891185827526]
Iteration: 3	Residuals (l): [0.002345282395893811, 0.01973761477580132]
Iteration: 4	Residuals (l): [0.00020109260749875374, 0.0039841658297663386]
Iteration: 5	Residuals (l): [0.00020935292757816225, 0.0012296131463897238]
Iteration: 6	Residuals (l): [3.995844396991669e-05, 0.00022001985578570433]
Iteration: 7	Residuals (l): [6.207458946835933e-06, 5.94656471899854e-05]
Iteration: 8	Residuals (l): [2.313889845452019e-06, 1.3659832985239934e-05]
Iteration: 9	Residuals (l): [4.197978529571963e-07, 2.9625424682881876e-06]
Iteration: 10	Residuals (l): [6.767877073847227e-08, 6.648469766814922e-07]
Iteration: 11	Residuals (l): [2.313706299214204e-08, 1.7195636711844058e-07]
Iteration: 12	Residuals (l): [3.447044121984821e-09, 3.215872860519166e-08]
Iteration: 13	Residuals (l): [1.3914895187251197e-09, 8.720841028616839e-09]
Final CoupledClusterSinglesDoubles energy: (1.0233316724597006+0j)
