Time spent loading Coulomb elements from /work/jobs/27587396.d/tdho_coulomb_num_orbitals=66.npy: 0.11313486099243164 sec
HartreeFock energy: (0.5963327297606011+0j) @ iteration: 0	residual: [100]
HartreeFock energy: (0.5260728030416674+0j) @ iteration: 1	residual: [0.6381885113048817]
HartreeFock energy: (0.5257707672532038+0j) @ iteration: 2	residual: [0.026770418990806077]
HartreeFock energy: (0.5257646539612706+0j) @ iteration: 3	residual: [0.000764472600857345]
HartreeFock energy: (0.5257586974046339+0j) @ iteration: 4	residual: [0.0007623073675302337]
HartreeFock energy: (0.5258143512250097+0j) @ iteration: 5	residual: [0.006541735919071251]
HartreeFock energy: (0.525813451114485+0j) @ iteration: 6	residual: [9.875957275426399e-05]
Final HartreeFock energy: (0.5257099539163351+0j) @ iteration: 6	residual: [9.875957275426399e-05]
Changing to HartreeFock basis
Iteration: 0	Residuals (t): [0.020015756488106794, 0.3278807941350009]
Iteration: 1	Residuals (t): [0.016501266600134006, 0.2024875016565276]
Iteration: 2	Residuals (t): [0.002757476709551845, 0.06781129328838599]
Iteration: 3	Residuals (t): [0.004465811703093843, 0.03548480444626711]
Iteration: 4	Residuals (t): [0.0008417526577667586, 0.011197342862413407]
Iteration: 5	Residuals (t): [0.0005571559942721342, 0.005652884756202307]
Iteration: 6	Residuals (t): [0.00016675822865938882, 0.001505295178948805]
Iteration: 7	Residuals (t): [2.9521690932735373e-05, 0.0005573079097866379]
Iteration: 8	Residuals (t): [2.293879295202601e-05, 0.0001477605630721418]
Iteration: 9	Residuals (t): [1.1332150774624886e-05, 4.7767766885293155e-05]
Iteration: 0	Residuals (l): [0.02186004870553165, 0.38469069041324594]
Iteration: 1	Residuals (l): [0.01566481144929735, 0.2466210980101809]
Iteration: 2	Residuals (l): [0.0029085771016241343, 0.059360180298373484]
Iteration: 3	Residuals (l): [0.0032571563138103273, 0.029153955452106604]
Iteration: 4	Residuals (l): [0.000695963172866801, 0.009214302195156506]
Iteration: 5	Residuals (l): [0.00040599295566470247, 0.004254776777373648]
Iteration: 6	Residuals (l): [0.000179993058471678, 0.001136357834144357]
Iteration: 7	Residuals (l): [3.944885523197413e-05, 0.00045727274583505674]
Iteration: 8	Residuals (l): [1.7874849710566667e-05, 0.00011341091172026294]
Iteration: 9	Residuals (l): [1.0202672037851415e-05, 4.5655499423355206e-05]
Final CoupledClusterSinglesDoubles energy: (0.44109734683548507+0j)
