Time spent loading Coulomb elements from /work/jobs/27588466.d/tdho_coulomb_num_orbitals=66.npy: 0.16346025466918945 sec
HartreeFock energy: (0.14533141373155004+0j) @ iteration: 0	residual: [100]
HartreeFock energy: (0.10468304684193752+0j) @ iteration: 1	residual: [1.4243147520905526]
HartreeFock energy: (0.1031867712091792+0j) @ iteration: 2	residual: [0.18096536315702066]
HartreeFock energy: (0.10317722714200431+0j) @ iteration: 3	residual: [0.001973579795756102]
HartreeFock energy: (0.10317858321340699+0j) @ iteration: 4	residual: [0.0002821130803883059]
Final HartreeFock energy: (0.10318047417390991+0j) @ iteration: 4	residual: [0.0002821130803883059]
Changing to HartreeFock basis
Iteration: 0	Residuals (t): [0.007892157257958988, 0.18435704693405758]
Iteration: 1	Residuals (t): [0.016345009367308646, 0.2775361244854514]
Iteration: 2	Residuals (t): [0.0023026307620872674, 0.041691410687434136]
Iteration: 3	Residuals (t): [0.0028188460089897155, 0.022307022650598002]
Iteration: 4	Residuals (t): [0.0015948841465327824, 0.017779892206172914]
Iteration: 5	Residuals (t): [0.001009480728286513, 0.012100302850497159]
Iteration: 6	Residuals (t): [0.0013264157578299714, 0.012528838899498627]
Iteration: 7	Residuals (t): [0.00023165842684119955, 0.006974329719992413]
Iteration: 8	Residuals (t): [0.00046328682491966164, 0.005417550088346247]
Iteration: 9	Residuals (t): [0.0003093348519696641, 0.002480716252221399]
Iteration: 10	Residuals (t): [0.0001452410599082521, 0.0012429546643732163]
Iteration: 11	Residuals (t): [0.00011073337373185629, 0.0006997489574944604]
Iteration: 12	Residuals (t): [4.867791151472638e-05, 0.00033924081508947615]
Iteration: 13	Residuals (t): [1.3929342399430948e-05, 0.0001250299743695163]
Iteration: 14	Residuals (t): [1.114593926484637e-05, 6.824378194820085e-05]
Iteration: 0	Residuals (l): [0.010746461907887118, 0.21810388927844016]
Iteration: 1	Residuals (l): [0.015709068966745007, 0.35834216572680466]
Iteration: 2	Residuals (l): [0.0035193471351008306, 0.0376369455583789]
Iteration: 3	Residuals (l): [0.0020235380659089468, 0.014569073341119823]
Iteration: 4	Residuals (l): [0.0011182447075222112, 0.009901411022495534]
Iteration: 5	Residuals (l): [0.00032885261056525767, 0.006179295528784091]
Iteration: 6	Residuals (l): [0.00041070033491533863, 0.003822165649867323]
Iteration: 7	Residuals (l): [0.00018875519660139015, 0.002717822961606401]
Iteration: 8	Residuals (l): [7.080513622361313e-05, 0.001637764654252757]
Iteration: 9	Residuals (l): [6.51869257804812e-05, 0.0008864474001784833]
Iteration: 10	Residuals (l): [3.1024041626255834e-05, 0.0004254517893414345]
Iteration: 11	Residuals (l): [1.79049480238069e-05, 0.00020252833523604668]
Iteration: 12	Residuals (l): [1.1338021702848656e-05, 0.00012706856858341403]
Iteration: 13	Residuals (l): [8.006715081509828e-06, 5.691933316175485e-05]
Final CoupledClusterSinglesDoubles energy: (0.07383867938719764+0j)
